<html>
<body>
<pre>
<h1>µVision Build Log</h1>
<h2>Tool Versions:</h2>
IDE-Version: µVision V5.24.2.0
Copyright (C) 2017 ARM Ltd and ARM Germany GmbH. All rights reserved.
License Information: UW Madison CAE Flex license: MDK-ARM Professional: 100 user(s) (mdk_pro) Operation stops: 20 Nov 2020
 
Tool Versions:
Toolchain:       MDK-ARM Professional: 100 user(s)  Version: 5.24.1
Toolchain Path:  C:\Keil_v5\ARM\ARMCC\Bin
C Compiler:      Armcc.exe V5.06 update 5 (build 528)
Assembler:       Armasm.exe V5.06 update 5 (build 528)
Linker/Locator:  ArmLink.exe V5.06 update 5 (build 528)
Library Manager: ArmAr.exe V5.06 update 5 (build 528)
Hex Converter:   FromElf.exe V5.06 update 5 (build 528)
CPU DLL:         SARMCM3.DLL V5.24.1
Dialog DLL:      DCM.DLL V1.16.0.0
Target DLL:      lmidk-agdi.dll V???
Dialog DLL:      TCM.DLL V1.32.0.0
 
<h2>Project:</h2>
I:\ECE353\ICE_Distribution\Project\Project.uvprojx
Project File Date:  12/04/2019

<h2>Output:</h2>
*** Using Compiler 'V5.06 update 5 (build 528)', folder: 'C:\Keil_v5\ARM\ARMCC\Bin'
Rebuild target 'Project-F19'
compiling tetris_game_logic.c...
images.h(9): warning:  #1-D: last line of file ends without a newline
  #endif
tetris_game_logic.c(358): error:  #20: identifier "TOPOFSCREEN" is undefined
  	for (y_offset = TOPOFSCREEN; y_offset > 0; y_offset--) {
tetris_game_logic.c(359): warning:  #223-D: function "drawimage" declared implicitly
  		drawimage(CENTER OF X,CENTER OF Y + Y_OFFSET, IMAGE_BITMAP, ERASE); // MOVE ONE OF THEM DEPENDING ON HOW WE WANNA DO IT
tetris_game_logic.c(359): error:  #18: expected a ")"
  		drawimage(CENTER OF X,CENTER OF Y + Y_OFFSET, IMAGE_BITMAP, ERASE); // MOVE ONE OF THEM DEPENDING ON HOW WE WANNA DO IT
tetris_game_logic.c(360): error:  #18: expected a ")"
  		drawimage(CENTER OF X,CENTER OF Y + Y_OFFSET-1, IMAGE_BITMAP, DRAW);
tetris_game_logic.c(363): warning:  #223-D: function "drawimage" declared implicitly
  	drawimage(CENTER OF X,CENTER OF Y, IMAGE_BITMAP, ERASE);
tetris_game_logic.c(363): error:  #18: expected a ")"
  	drawimage(CENTER OF X,CENTER OF Y, IMAGE_BITMAP, ERASE);
tetris_game_logic.c(366): warning:  #223-D: function "drawimageINVERTCOLORaFEW_timesREALLY_WOW_THEM" declared implicitly
  	drawimageINVERTCOLORaFEW_timesREALLY_WOW_THEM(CENTER OF X,CENTER OF Y + Y_OFFSET-1, IMAGE_BITMAP, DRAW);
tetris_game_logic.c(366): error:  #18: expected a ")"
  	drawimageINVERTCOLORaFEW_timesREALLY_WOW_THEM(CENTER OF X,CENTER OF Y + Y_OFFSET-1, IMAGE_BITMAP, DRAW);
tetris_game_logic.c(368): error:  #18: expected a ")"
  	drawimage(CENTER OF X,CENTER OF Y, IMAGE_BITMAP, ERASE);
tetris_game_logic.c(355): warning:  #177-D: variable "y"  was declared but never referenced
  	int y, x, y_offset, x_offset;
tetris_game_logic.c(355): warning:  #177-D: variable "x"  was declared but never referenced
  	int y, x, y_offset, x_offset;
tetris_game_logic.c(355): warning:  #177-D: variable "x_offset"  was declared but never referenced
  	int y, x, y_offset, x_offset;
tetris_game_logic.c(356): warning:  #177-D: variable "i"  was declared but never referenced
  	int i, j;
tetris_game_logic.c(356): warning:  #177-D: variable "j"  was declared but never referenced
  	int i, j;
tetris_game_logic.c(397): warning:  #77-D: this declaration has no storage class or type specifier
  	drawBlock(currBlockY, currBlockX, DRAW, blockType);
tetris_game_logic.c(397): error:  #92: identifier-list parameters may only be used in a function definition
  	drawBlock(currBlockY, currBlockX, DRAW, blockType);
tetris_game_logic.c(397): error:  #147: declaration is incompatible with "void drawBlock(int8_t *, int8_t *, bool)"  (declared at line 70)
  	drawBlock(currBlockY, currBlockX, DRAW, blockType);
tetris_game_logic.c(398): error:  #169: expected a declaration
  }
tetris_game_logic.c(458): warning:  #12-D: parsing restarts here after previous syntax error
  	return 
rue;
tetris_game_logic.c(459): error:  #169: expected a declaration
  }
tetris_game_logic.c(499): warning:  #12-D: parsing restarts here after previous syntax error
        i--; // decrement i so we still check the next line after shifting game board
tetris_game_logic.c(500): error:  #169: expected a declaration
      }
tetris_game_logic.c(520): warning:  #12-D: parsing restarts here after previous syntax error
  extern 
ool alertADC;
tetris_game_logic.c(532): warning:  #174-D: expression has no effect
  	BlockType blockType;
tetris_game_logic.c(532): error:  #65: expected a ";"
  	BlockType blockType;
tetris_game_logic.c(533): error:  #268: declaration may not appear after executable statement in block
  	int8_t currBlockX;
tetris_game_logic.c(534): error:  #268: declaration may not appear after executable statement in block
  	int8_t currBlockY;
tetris_game_logic.c(538): error:  #268: declaration may not appear after executable statement in block
    
ool blockPlaced = false;
tetris_game_logic.c(565): warning:  #223-D: function "rotateBlock" declared implicitly
          rotateBlock(&currBlockY, &currBlockX, &blockType);
tetris_game_logic.c(565): error:  #20: identifier "blockType" is undefined
          rotateBlock(&currBlockY, &currBlockX, &blockType);
tetris_game_logic.c(568): error:  #20: identifier "alertADC" is undefined
        if (alertADC) {
tetris_game_logic.c(574): warning:  #223-D: function "checkSurroundings" declared implicitly
  					if ( checkSurroundings(&currBlockY, &currBlockX, RIGHT, &blockType) ) {
tetris_game_logic.c(574): error:  #20: identifier "blockType" is undefined
  					if ( checkSurroundings(&currBlockY, &currBlockX, RIGHT, &blockType) ) {
tetris_game_logic.c(575): warning:  #223-D: function "moveBlock" declared implicitly
              moveBlock(&currBlockY, &currBlockX, RIGHT, &blockType);
tetris_game_logic.c(579): warning:  #223-D: function "checkSurroundings" declared implicitly
            if ( checkSurroundings(&currBlockY, &currBlockX, LEFT, &blockType) ) {
tetris_game_logic.c(579): error:  #20: identifier "blockType" is undefined
            if ( checkSurroundings(&currBlockY, &currBlockX, LEFT, &blockType) ) {
tetris_game_logic.c(580): warning:  #223-D: function "moveBlock" declared implicitly
              moveBlock(&currBlockY, &currBlockX, LEFT, &blockType);
tetris_game_logic.c(584): warning:  #223-D: function "checkSurroundings" declared implicitly
  					if ( checkSurroundings(&currBlockY, &currBlockX, DOWN, &blockType) ) {
tetris_game_logic.c(584): error:  #20: identifier "blockType" is undefined
  					if ( checkSurroundings(&currBlockY, &currBlockX, DOWN, &blockType) ) {
tetris_game_logic.c(585): warning:  #223-D: function "fallBlock" declared implicitly
              fallBlock(&currBlockY, &currBlockX, DOWN, &blockType);
tetris_game_logic.c(599): warning:  #223-D: function "checkSurroundings" declared implicitly
          if ( checkSurroundings(&currBlockY, &currBlockX, DOWN, &blockType) ) {
tetris_game_logic.c(599): error:  #20: identifier "blockType" is undefined
          if ( checkSurroundings(&currBlockY, &currBlockX, DOWN, &blockType) ) {
tetris_game_logic.c(600): warning:  #223-D: function "fallBlock" declared implicitly
              fallBlock(&currBlockY, &currBlockX, DOWN, &blockType);
tetris_game_logic.c(614): warning:  #174-D: expression has no effect
  				  BlockType newBlock; 
tetris_game_logic.c(614): error:  #65: expected a ";"
  				  BlockType newBlock; 
tetris_game_logic.c(615): error:  #268: declaration may not appear after executable statement in block
  				  int8_t randomNumber = wait%DISTINCT_NUM_BLOCKS;
tetris_game_logic.c(617): error:  #20: identifier "newBlock" is undefined
  				    newBlock = SQUARE;
tetris_game_logic.c(622): error:  #20: identifier "newBlock" is undefined
  				    newBlock = LONGBOI;
tetris_game_logic.c(627): error:  #20: identifier "newBlock" is undefined
  				    newBlock = SBLOCK;
tetris_game_logic.c(632): error:  #20: identifier "newBlock" is undefined
  				    newBlock = ZBLOCK;
tetris_game_logic.c(637): error:  #20: identifier "blockType" is undefined
  					blockType = newBlock;
tetris_game_logic.c(637): error:  #20: identifier "newBlock" is undefined
  					blockType = newBlock;
tetris_game_logic.c(638): error:  #140: too many arguments in function call
  				  spawnBlock(&currBlockY, &currBlockX, &blockType);
tetris_game_logic.c: 24 warnings, 30 errors
compiling main.c...
images.h(9): warning:  #1-D: last line of file ends without a newline
  #endif
main.c: 1 warning, 0 errors
compiling project_interrupts.c...
images.h(9): warning:  #1-D: last line of file ends without a newline
  #endif
project_interrupts.c: 1 warning, 0 errors
compiling images.c...
images.h(9): warning:  #1-D: last line of file ends without a newline
  #endif
images.c(39): warning:  #1-D: last line of file ends without a newline
  };
images.c: 2 warnings, 0 errors
compiling project_hardware_init.c...
images.h(9): warning:  #1-D: last line of file ends without a newline
  #endif
project_hardware_init.c(99): warning:  #188-D: enumerated type mixed with another type
  	
VIC_SetPriority(
DC_IM_MASK1, 2);
project_hardware_init.c: 2 warnings, 0 errors
compiling pc_buffer.c...
compiling adc.c...
compiling gpio_port.c...
..\drivers\c\gpio_port.c(82): warning:  #188-D: enumerated type mixed with another type
         return 0;
..\drivers\c\gpio_port.c(443): warning:  #177-D: variable "gpioPort"  was declared but never referenced
    GPIOA_Type  *gpioPort;
..\drivers\c\gpio_port.c: 2 warnings, 0 errors
compiling i2c.c...
compiling spi.c...
compiling timers.c...
compiling uart.c...
..\drivers\c\uart.c(184): warning:  #188-D: enumerated type mixed with another type
         return 0;
..\drivers\c\uart.c: 1 warning, 0 errors
compiling accel.c...
compiling eeprom.c...
compiling ft6x06.c...
compiling launchpad_io.c...
assembling ws2812b.s...
compiling lcd.c...
compiling spi_select.c...
assembling startup_TM4C123.s...
compiling ps2.c...
compiling serial_debug.c...
..\peripherals\c\serial_debug.c(171): warning:  #177-D: variable "uart_base"  was declared but never referenced
     uint32_t uart_base;
..\peripherals\c\serial_debug.c(172): warning:  #177-D: variable "tx_buffer"  was declared but never referenced
     PC_Buffer *tx_buffer;
..\peripherals\c\serial_debug.c(230): warning:  #177-D: variable "c"  was declared but never referenced
      char c;
..\peripherals\c\serial_debug.c: 3 warnings, 0 errors
compiling system_TM4C123.c...
".\obj\ece353_base_project.axf" - 30 Error(s), 36 Warning(s).

<h2>Software Packages used:</h2>

Package Vendor: ARM
                http://www.keil.com/pack/ARM.CMSIS.5.0.1.pack
                ARM.CMSIS.5.0.1
                CMSIS (Cortex Microcontroller Software Interface Standard)
   * Component: CORE Version: 5.0.1

Package Vendor: Keil
                http://www.keil.com/pack/Keil.TM4C_DFP.1.1.0.pack
                Keil.TM4C_DFP.1.1.0
                Texas Instruments Tiva C Series Device Support and Examples
   * Component: Startup Version: 1.0.1

<h2>Collection of Component include folders:</h2>
  .\RTE\_Project-F19
  C:\Keil_v5\ARM\PACK\ARM\CMSIS\5.0.1\CMSIS\Include
  C:\Keil_v5\ARM\PACK\Keil\TM4C_DFP\1.1.0\Device\Include\TM4C123

<h2>Collection of Component Files used:</h2>

   * Component: Keil::Device:Startup:1.0.1
      Source file:   Device\Source\system_TM4C123.c
      Source file:   Device\Source\ARM\startup_TM4C123.s
      Include file:  Device\Include\TM4C123\TM4C123.h

   * Component: ARM::CMSIS:CORE:5.0.1
Target not created.
Build Time Elapsed:  00:00:05
</pre>
</body>
</html>
